#
# There is insufficient memory for the Java Runtime Environment to continue.
# Native memory allocation (mmap) failed to map 264241152 bytes for G1 virtual space
# Possible reasons:
#   The system is out of physical RAM or swap space
#   The process is running with CompressedOops enabled, and the Java Heap may be blocking the growth of the native heap
# Possible solutions:
#   Reduce memory load on the system
#   Increase physical memory or swap space
#   Check if swap backing store is full
#   Decrease Java heap size (-Xmx/-Xms)
#   Decrease number of Java threads
#   Decrease Java thread stack sizes (-Xss)
#   Set larger code cache with -XX:ReservedCodeCacheSize=
#   JVM is running with Zero Based Compressed Oops mode in which the Java heap is
#     placed in the first 32GB address space. The Java Heap base address is the
#     maximum limit for the native heap growth. Please use -XX:HeapBaseMinAddress
#     to set the Java Heap base and to place the Java Heap above 32GB virtual address.
# This output file may be truncated or incomplete.
#
#  Out of Memory Error (os_windows.cpp:3528), pid=20776, tid=22064
#
# JRE version:  (20.0.1+9) (build )
# Java VM: Java HotSpot(TM) 64-Bit Server VM (20.0.1+9-29, mixed mode, sharing, tiered, compressed oops, compressed class ptrs, g1 gc, windows-amd64)
# No core dump will be written. Minidumps are not enabled by default on client versions of Windows
#

---------------  S U M M A R Y ------------

Command Line: -javaagent:C:\Program Files\JetBrains\IntelliJ IDEA Community Edition 2023.1.3\lib\idea_rt.jar=61893:C:\Program Files\JetBrains\IntelliJ IDEA Community Edition 2023.1.3\bin -Dfile.encoding=UTF-8 -Dsun.stdout.encoding=UTF-8 -Dsun.stderr.encoding=UTF-8 capgeminiCodingProblem

Host: 12th Gen Intel(R) Core(TM) i5-1235U, 12 cores, 15G,  Windows 11 , 64 bit Build 26100 (10.0.26100.8328)
Time: Tue May 26 22:16:11 2026 India Standard Time elapsed time: 1.141580 seconds (0d 0h 0m 1s)

---------------  T H R E A D  ---------------

Current thread (0x00000185e5ff1900):  JavaThread "Unknown thread" [_thread_in_vm, id=22064, stack(0x0000002d29500000,0x0000002d29600000)]

Stack: [0x0000002d29500000,0x0000002d29600000]
Native frames: (J=compiled Java code, j=interpreted, Vv=VM code, C=native code)
V  [jvm.dll+0x6bb95a]
V  [jvm.dll+0x8485fa]
V  [jvm.dll+0x84a1f5]
V  [jvm.dll+0x84a8f3]
V  [jvm.dll+0x280b0f]
V  [jvm.dll+0x6b86e9]
V  [jvm.dll+0x6ad2da]
V  [jvm.dll+0x35adf5]
V  [jvm.dll+0x363016]
V  [jvm.dll+0x3b3b3e]
V  [jvm.dll+0x3b3dc5]
V  [jvm.dll+0x32b50a]
V  [jvm.dll+0x32c32b]
V  [jvm.dll+0x8112bf]
V  [jvm.dll+0x3c0d91]
V  [jvm.dll+0x7fcfe3]
V  [jvm.dll+0x44c76f]
V  [jvm.dll+0x44e0e1]
C  [jli.dll+0x5287]
C  [ucrtbase.dll+0x37b0]
C  [KERNEL32.DLL+0x2e957]
C  [ntdll.dll+0x427c]


---------------  P R O C E S S  ---------------

Threads class SMR info:
_java_thread_list=0x00007ffa56aaa098, length=0, elements={
}

Java Threads: ( => current thread )

Other Threads:
  0x00000185e6061c90 WorkerThread "GC Thread#0" [stack: 0x0000002d29600000,0x0000002d29700000] [id=26160]
  0x00000185e3e5eba0 ConcurrentGCThread "G1 Main Marker" [stack: 0x0000002d29700000,0x0000002d29800000] [id=22668]
  0x00000185fedd2660 WorkerThread "G1 Conc#0" [stack: 0x0000002d29800000,0x0000002d29900000] [id=20304]

[error occurred during error reporting (printing all threads), id 0xc0000005, EXCEPTION_ACCESS_VIOLATION (0xc0000005) at pc=0x00007ffa5628eb47]
VM state: not at safepoint (not fully initialized)

VM Mutex/Monitor currently owned by a thread:  ([mutex/lock_event])
[0x00000185e5fee360] Heap_lock - owner thread: 0x00000185e5ff1900

Heap address: 0x0000000705200000, size: 4014 MB, Compressed Oops mode: Zero based, Oop shift amount: 3

CDS archive(s) mapped at: [0x0000000000000000-0x0000000000000000-0x0000000000000000), size 0, SharedBaseAddress: 0x0000000800000000, ArchiveRelocationMode: 0.
Narrow klass base: 0x0000000000000000, Narrow klass shift: 0, Narrow klass range: 0x0

GC Precious Log:
 CardTable entry size: 512
 Card Set container configuration: InlinePtr #cards 4 size 8 Array Of Cards #cards 16 size 48 Howl #buckets 8 coarsen threshold 3686 Howl Bitmap #cards 512 size 80 coarsen threshold 460 Card regions per heap region 1 cards per card region 4096

Heap:
 garbage-first heap   total 0K, used 0K [0x0000000705200000, 0x0000000800000000)
  region size 2048K, 0 young (0K), 0 survivors (0K)

[error occurred during error reporting (printing heap information), id 0xc0000005, EXCEPTION_ACCESS_VIOLATION (0xc0000005) at pc=0x00007ffa56663c59]
GC Heap History (0 events):
No events

Dll operation events (1 events):
Event: 0.017 Loaded shared library C:\Program Files\Java\jdk-20\bin\java.dll

Deoptimization events (0 events):
No events

Classes loaded (0 events):
No events

Classes unloaded (0 events):
No events

Classes redefined (0 events):
No events

Internal exceptions (0 events):
No events

VM Operations (0 events):
No events

Events (0 events):
No events


Dynamic libraries:
0x00007ff779c30000 - 0x00007ff779c40000 	C:\Program Files\Java\jdk-20\bin\java.exe
0x00007ffacb4e0000 - 0x00007ffacb747000 	C:\WINDOWS\SYSTEM32\ntdll.dll
0x00007ffaca240000 - 0x00007ffaca309000 	C:\WINDOWS\System32\KERNEL32.DLL
0x00007ffac8280000 - 0x00007ffac8677000 	C:\WINDOWS\System32\KERNELBASE.dll
0x00007ffac9060000 - 0x00007ffac91ab000 	C:\WINDOWS\System32\ucrtbase.dll
0x00007ffab1690000 - 0x00007ffab16a9000 	C:\Program Files\Java\jdk-20\bin\jli.dll
0x00007ffab1220000 - 0x00007ffab123b000 	C:\Program Files\Java\jdk-20\bin\VCRUNTIME140.dll
0x00007ffacb3e0000 - 0x00007ffacb496000 	C:\WINDOWS\System32\ADVAPI32.dll
0x00007ffac9410000 - 0x00007ffac94b9000 	C:\WINDOWS\System32\msvcrt.dll
0x00007ffacb330000 - 0x00007ffacb3d7000 	C:\WINDOWS\System32\sechost.dll
0x00007ffaca310000 - 0x00007ffaca428000 	C:\WINDOWS\System32\RPCRT4.dll
0x00007ffacb130000 - 0x00007ffacb2f6000 	C:\WINDOWS\System32\USER32.dll
0x00007ffaaa1b0000 - 0x00007ffaaa442000 	C:\WINDOWS\WinSxS\amd64_microsoft.windows.common-controls_6595b64144ccf1df_6.0.26100.8457_none_3e0b2faee331e92d\COMCTL32.dll
0x00007ffacb300000 - 0x00007ffacb32b000 	C:\WINDOWS\System32\GDI32.dll
0x00007ffac8250000 - 0x00007ffac8277000 	C:\WINDOWS\System32\win32u.dll
0x00007ffac8090000 - 0x00007ffac81bc000 	C:\WINDOWS\System32\gdi32full.dll
0x00007ffac91b0000 - 0x00007ffac9253000 	C:\WINDOWS\System32\msvcp_win.dll
0x00007ffab5ef0000 - 0x00007ffab5efb000 	C:\WINDOWS\SYSTEM32\VERSION.dll
0x00007ffacae80000 - 0x00007ffacaeb2000 	C:\WINDOWS\System32\IMM32.DLL
0x00007ffab1c20000 - 0x00007ffab1c2c000 	C:\Program Files\Java\jdk-20\bin\vcruntime140_1.dll
0x00007ffa7d230000 - 0x00007ffa7d2be000 	C:\Program Files\Java\jdk-20\bin\msvcp140.dll
0x00007ffa55f50000 - 0x00007ffa56be7000 	C:\Program Files\Java\jdk-20\bin\server\jvm.dll
0x00007ffaa38c0000 - 0x00007ffaa38ca000 	C:\WINDOWS\SYSTEM32\WSOCK32.dll
0x00007ffaca5d0000 - 0x00007ffaca650000 	C:\WINDOWS\System32\WS2_32.dll
0x00007ffabd110000 - 0x00007ffabd146000 	C:\WINDOWS\SYSTEM32\WINMM.dll
0x00007ffac6ca0000 - 0x00007ffac6cbb000 	C:\WINDOWS\SYSTEM32\kernel.appcore.dll
0x00007ffab1ad0000 - 0x00007ffab1ada000 	C:\Program Files\Java\jdk-20\bin\jimage.dll
0x00007ffac5ef0000 - 0x00007ffac6132000 	C:\WINDOWS\SYSTEM32\DBGHELP.DLL
0x00007ffacaaf0000 - 0x00007ffacae73000 	C:\WINDOWS\System32\combase.dll
0x00007ffacaec0000 - 0x00007ffacaf99000 	C:\WINDOWS\System32\OLEAUT32.dll
0x00007ffaa4530000 - 0x00007ffaa456b000 	C:\WINDOWS\SYSTEM32\dbgcore.DLL
0x00007ffac8fb0000 - 0x00007ffac9058000 	C:\WINDOWS\System32\bcryptPrimitives.dll
0x00007ffaab0a0000 - 0x00007ffaab0ae000 	C:\Program Files\Java\jdk-20\bin\instrument.dll
0x00007ffaac840000 - 0x00007ffaac866000 	C:\Program Files\Java\jdk-20\bin\java.dll

dbghelp: loaded successfully - version: 4.0.5 - missing functions: none
symbol engine: initialized successfully - sym options: 0x614 - pdb path: .;C:\Program Files\Java\jdk-20\bin;C:\WINDOWS\SYSTEM32;C:\WINDOWS\WinSxS\amd64_microsoft.windows.common-controls_6595b64144ccf1df_6.0.26100.8457_none_3e0b2faee331e92d;C:\Program Files\Java\jdk-20\bin\server

VM Arguments:
jvm_args: -javaagent:C:\Program Files\JetBrains\IntelliJ IDEA Community Edition 2023.1.3\lib\idea_rt.jar=61893:C:\Program Files\JetBrains\IntelliJ IDEA Community Edition 2023.1.3\bin -Dfile.encoding=UTF-8 -Dsun.stdout.encoding=UTF-8 -Dsun.stderr.encoding=UTF-8 
java_command: capgeminiCodingProblem
java_class_path (initial): C:\Intellji\CodingProblem\JavaCoding\target\classes
Launcher Type: SUN_STANDARD

[Global flags]
     intx CICompilerCount                          = 4                                         {product} {ergonomic}
     uint ConcGCThreads                            = 3                                         {product} {ergonomic}
     uint G1ConcRefinementThreads                  = 10                                        {product} {ergonomic}
   size_t G1HeapRegionSize                         = 2097152                                   {product} {ergonomic}
    uintx GCDrainStackTargetSize                   = 64                                        {product} {ergonomic}
   size_t InitialHeapSize                          = 264241152                                 {product} {ergonomic}
   size_t MarkStackSize                            = 4194304                                   {product} {ergonomic}
   size_t MaxHeapSize                              = 4208984064                                {product} {ergonomic}
   size_t MinHeapDeltaBytes                        = 2097152                                   {product} {ergonomic}
   size_t MinHeapSize                              = 8388608                                   {product} {ergonomic}
    uintx NonNMethodCodeHeapSize                   = 5839372                                {pd product} {ergonomic}
    uintx NonProfiledCodeHeapSize                  = 122909434                              {pd product} {ergonomic}
    uintx ProfiledCodeHeapSize                     = 122909434                              {pd product} {ergonomic}
    uintx ReservedCodeCacheSize                    = 251658240                              {pd product} {ergonomic}
     bool SegmentedCodeCache                       = true                                      {product} {ergonomic}
   size_t SoftMaxHeapSize                          = 4208984064                             {manageable} {ergonomic}
     bool UseCompressedClassPointers               = true                           {product lp64_product} {ergonomic}
     bool UseCompressedOops                        = true                           {product lp64_product} {ergonomic}
     bool UseG1GC                                  = true                                      {product} {ergonomic}
     bool UseLargePagesIndividualAllocation        = false                                  {pd product} {ergonomic}

Logging:
Log output configuration:
 #0: stdout all=warning uptime,level,tags foldmultilines=false
 #1: stderr all=off uptime,level,tags foldmultilines=false

Environment Variables:
JAVA_HOME=C:\Program Files\Java\jdk-20
PATH=C:\Program Files\Common Files\Oracle\Java\javapath;C:\WINDOWS\system32;C:\WINDOWS;C:\WINDOWS\System32\Wbem;C:\WINDOWS\System32\WindowsPowerShell\v1.0\;C:\WINDOWS\System32\OpenSSH\;C:\Program Files\Java\jdk-20\bin;C:\Program Files\Git\cmd;C:\Users\Shubham Kechale\AppData\Local\Programs\Python\Python312\Scripts\;C:\Users\Shubham Kechale\AppData\Local\Programs\Python\Python312\;C:\Users\Shubham Kechale\AppData\Local\Microsoft\WindowsApps;;C:\Program Files\JetBrains\IntelliJ IDEA Community Edition 2023.1.3\bin;
USERNAME=Shubham Kechale
OS=Windows_NT
PROCESSOR_IDENTIFIER=Intel64 Family 6 Model 154 Stepping 4, GenuineIntel
TMP=C:\Users\SHUBHA~1\AppData\Local\Temp
TEMP=C:\Users\SHUBHA~1\AppData\Local\Temp




---------------  S Y S T E M  ---------------

OS:
 Windows 11 , 64 bit Build 26100 (10.0.26100.8328)
OS uptime: 7 days 2:38 hours
Hyper-V role detected

CPU: total 12 (initial active 12) (6 cores per cpu, 2 threads per core) family 6 model 154 stepping 4 microcode 0x42c, cx8, cmov, fxsr, ht, mmx, 3dnowpref, sse, sse2, sse3, ssse3, sse4.1, sse4.2, popcnt, lzcnt, tsc, tscinvbit, avx, avx2, aes, erms, clmul, bmi1, bmi2, adx, sha, fma, vzeroupper, clflush, clflushopt, clwb, hv, serialize, rdtscp, rdpid, fsrm, f16c, cet_ibt, cet_ss

Memory: 4k page, system-wide physical 16052M (4270M free)
TotalPageFile size 16052M (AvailPageFile size 120M)
current process WorkingSet (physical memory assigned to process): 13M, peak: 13M
current process commit charge ("private bytes"): 65M, peak: 316M

vm_info: Java HotSpot(TM) 64-Bit Server VM (20.0.1+9-29) for windows-amd64 JRE (20.0.1+9-29), built on 2023-03-07T13:56:11Z by "mach5one" with MS VC++ 17.1 (VS2022)

END.
